2025-10-06 17:52:41,432 - INFO - Debug level: max
2025-10-06 17:52:41,432 - INFO - Logging initialized. Log file: downloads/logs/download_20251006_175241.log
2025-10-06 17:52:41,432 - INFO - yt-dlp version: 2025.09.26
2025-10-06 17:52:41,433 - DEBUG - Configuration: {
  "output_dir": "./downloads",
  "output_template": "%(uploader)s - %(title)s.%(ext)s",
  "format_selector": "best[ext=mp4]/best",
  "video_quality": "best",
  "audio_quality": "best",
  "prefer_free_formats": true,
  "extract_subtitles": true,
  "auto_subtitles": true,
  "embed_subtitles": false,
  "download_thumbnail": true,
  "embed_thumbnail": false,
  "retries": 3,
  "extractor_retries": 10,
  "fragment_retries": 5,
  "concurrent_fragments": 4,
  "merge_output_format": "mp4",
  "keep_video": true,
  "verbose": true,
  "log_level": "DEBUG",
  "debug_level": "max"
}
2025-10-06 17:52:41,433 - INFO - Extracting video information for: https://video.ibm.com/recorded/134516112
2025-10-06 17:52:41,433 - DEBUG - üîç DEBUG: Get video info opts: {
  "http_headers": {
    "User-Agent": "Mozilla/5.0 (Macintosh; Intel Mac OS X 10_15_7) AppleWebKit/537.36 (KHTML, like Gecko) Chrome/129.0.0.0 Safari/537.36",
    "Referer": "https://video.ibm.com/",
    "Accept": "*/*",
    "Accept-Language": "en-US,en;q=0.5"
  },
  "retries": 3,
  "extractor_retries": 10,
  "fragment_retries": 5,
  "quiet": false,
  "no_warnings": false,
  "extract_flat": false
}
2025-10-06 17:52:43,941 - DEBUG - üîç DEBUG: Extracted info keys: ['id', 'title', 'description', 'thumbnails', 'timestamp', 'duration', 'view_count', 'uploader', 'uploader_id', 'formats', 'webpage_url', 'original_url', 'webpage_url_basename', 'webpage_url_domain', 'extractor', 'extractor_key', 'playlist', 'playlist_index', 'thumbnail', 'display_id', 'fulltitle', 'duration_string', 'upload_date', 'release_year', 'requested_subtitles', '_has_drm', 'epoch', 'requested_formats', 'format', 'format_id', 'ext', 'protocol', 'language', 'format_note', 'filesize_approx', 'tbr', 'width', 'height', 'resolution', 'fps', 'dynamic_range', 'vcodec', 'vbr', 'stretched_ratio', 'aspect_ratio', 'acodec', 'abr', 'asr', 'audio_channels']
2025-10-06 17:52:43,941 - INFO - Title: Symposium Plenary One
2025-10-06 17:52:43,941 - INFO - Duration: 5131.36 seconds
2025-10-06 17:52:43,941 - INFO - Uploader: ConcordiaMHD
2025-10-06 17:52:43,941 - INFO - View count: 32
2025-10-06 17:52:43,941 - INFO - Available formats: 7
2025-10-06 17:52:43,941 - DEBUG - üîç DEBUG: Raw formats: [
  {
    "format_id": "hls-audiogroup-English__US_-0",
    "format_note": "English (US)",
    "format_index": null,
    "url": "https://a92ccb29-lp-omega.ums.services.video.ibm.com/playlist/auditorium/recorded/134516112/8/playlist.m3u8?token=2686032_1759787563293&appType=11&appVersion=2&chunkingType=improved&segmentType=ts&content=audiovideo&sgn=aed81fe88a93abcdb5310fd63cb0b0191e349a63&cdnHost=uhsakamai-a.akamaihd.net/",
    "manifest_url": "https://a92ccb29-lp-omega.ums.services.video.ibm.com/playlist/auditorium/recorded/134516112/playlist.m3u8?token=2686032_1759787563293&appType=11&appVersion=2&ts=1759787563&chunkingType=improved&geo=US&sgn=b75f554d942a8e8700e3619660b298fa50d84a06&preferredBitrate=0&cdnHost=uhsakamai-a.akamaihd.net/",
    "language": "en-US",
    "ext": "mp4",
    "protocol": "m3u8_native",
    "preference": null,
    "quality": null,
    "has_drm": false,
    "vcodec": "none",
    "source_preference": null,
    "audio_ext": "mp4",
    "video_ext": "none",
    "vbr": 0,
    "abr": null,
    "tbr": null,
    "resolution": "audio only",
    "aspect_ratio": null,
    "http_headers": {
      "User-Agent": "Mozilla/5.0 (Macintosh; Intel Mac OS X 10_15_7) AppleWebKit/537.36 (KHTML, like Gecko) Chrome/129.0.0.0 Safari/537.36",
      "Accept": "*/*",
      "Accept-Language": "en-US,en;q=0.5",
      "Sec-Fetch-Mode": "navigate",
      "Referer": "https://video.ibm.com/"
    },
    "format": "hls-audiogroup-English__US_-0 - audio only (English (US))"
  },
  {
    "format_id": "hls-audiogroup-English__US_-1",
    "format_note": "English (US)",
    "format_index": null,
    "url": "https://a92ccb29-lp-omega.ums.services.video.ibm.com/playlist/auditorium/recorded/134516112/2/playlist.m3u8?token=2686032_1759787563293&appType=11&appVersion=2&chunkingType=improved&segmentType=ts&content=audiovideo&sgn=5a73a837ef379c9c9c4f3b1d79c54a357db324ae&cdnHost=uhsakamai-a.akamaihd.net/",
    "manifest_url": "https://a92ccb29-lp-omega.ums.services.video.ibm.com/playlist/auditorium/recorded/134516112/playlist.m3u8?token=2686032_1759787563293&appType=11&appVersion=2&ts=1759787563&chunkingType=improved&geo=US&sgn=b75f554d942a8e8700e3619660b298fa50d84a06&preferredBitrate=0&cdnHost=uhsakamai-a.akamaihd.net/",
    "language": "en-US",
    "ext": "mp4",
    "protocol": "m3u8_native",
    "preference": null,
    "quality": null,
    "has_drm": false,
    "vcodec": "none",
    "source_preference": null,
    "audio_ext": "mp4",
    "video_ext": "none",
    "vbr": 0,
    "abr": null,
    "tbr": null,
    "resolution": "audio only",
    "aspect_ratio": null,
    "http_headers": {
      "User-Agent": "Mozilla/5.0 (Macintosh; Intel Mac OS X 10_15_7) AppleWebKit/537.36 (KHTML, like Gecko) Chrome/129.0.0.0 Safari/537.36",
      "Accept": "*/*",
      "Accept-Language": "en-US,en;q=0.5",
      "Sec-Fetch-Mode": "navigate",
      "Referer": "https://video.ibm.com/"
    },
    "format": "hls-audiogroup-English__US_-1 - audio only (English (US))"
  },
  {
    "format_id": "hls-114",
    "format_index": null,
    "url": "https://a92ccb29-lp-omega.ums.services.video.ibm.com/playlist/auditorium/recorded/134516112/6/playlist.m3u8?token=2686032_1759787563293&appType=11&appVersion=2&chunkingType=improved&segmentType=ts&content=audiovideo&sgn=566e3add8c23a00e89b7bf522c10166cf5a6390e&cdnHost=uhsakamai-a.akamaihd.net/",
    "manifest_url": "https://a92ccb29-lp-omega.ums.services.video.ibm.com/playlist/auditorium/recorded/134516112/playlist.m3u8?token=2686032_1759787563293&appType=11&appVersion=2&ts=1759787563&chunkingType=improved&geo=US&sgn=b75f554d942a8e8700e3619660b298fa50d84a06&preferredBitrate=0&cdnHost=uhsakamai-a.akamaihd.net/",
    "tbr": 114.688,
    "ext": "mp4",
    "fps": null,
    "protocol": "m3u8_native",
    "preference": null,
    "quality": null,
    "has_drm": false,
    "width": 448,
    "height": 252,
    "vbr": 114.688,
    "abr": 0,
    "vcodec": "avc1.77.21",
    "acodec": "none",
    "dynamic_range": "SDR",
    "video_ext": "mp4",
    "audio_ext": "none",
    "resolution": "448x252",
    "aspect_ratio": 1.78,
    "http_headers": {
      "User-Agent": "Mozilla/5.0 (Macintosh; Intel Mac OS X 10_15_7) AppleWebKit/537.36 (KHTML, like Gecko) Chrome/129.0.0.0 Safari/537.36",
      "Accept": "*/*",
      "Accept-Language": "en-US,en;q=0.5",
      "Sec-Fetch-Mode": "navigate",
      "Referer": "https://video.ibm.com/"
    },
    "format": "hls-114 - 448x252"
  },
  {
    "format_id": "hls-186",
    "format_index": null,
    "url": "https://a92ccb29-lp-omega.ums.services.video.ibm.com/playlist/auditorium/recorded/134516112/7/playlist.m3u8?token=2686032_1759787563293&appType=11&appVersion=2&chunkingType=improved&segmentType=ts&content=audiovideo&sgn=275e24e41ff0db24cb58a3e7f006da93a5f6a1f4&cdnHost=uhsakamai-a.akamaihd.net/",
    "manifest_url": "https://a92ccb29-lp-omega.ums.services.video.ibm.com/playlist/auditorium/recorded/134516112/playlist.m3u8?token=2686032_1759787563293&appType=11&appVersion=2&ts=1759787563&chunkingType=improved&geo=US&sgn=b75f554d942a8e8700e3619660b298fa50d84a06&preferredBitrate=0&cdnHost=uhsakamai-a.akamaihd.net/",
    "tbr": 186.368,
    "ext": "mp4",
    "fps": null,
    "protocol": "m3u8_native",
    "preference": null,
    "quality": null,
    "has_drm": false,
    "width": 640,
    "height": 360,
    "vbr": 186.368,
    "abr": 0,
    "vcodec": "avc1.77.30",
    "acodec": "none",
    "dynamic_range": "SDR",
    "video_ext": "mp4",
    "audio_ext": "none",
    "resolution": "640x360",
    "aspect_ratio": 1.78,
    "http_headers": {
      "User-Agent": "Mozilla/5.0 (Macintosh; Intel Mac OS X 10_15_7) AppleWebKit/537.36 (KHTML, like Gecko) Chrome/129.0.0.0 Safari/537.36",
      "Accept": "*/*",
      "Accept-Language": "en-US,en;q=0.5",
      "Sec-Fetch-Mode": "navigate",
      "Referer": "https://video.ibm.com/"
    },
    "format": "hls-186 - 640x360"
  },
  {
    "format_id": "hls-271",
    "format_index": null,
    "url": "https://a92ccb29-lp-omega.ums.services.video.ibm.com/playlist/auditorium/recorded/134516112/5/playlist.m3u8?token=2686032_1759787563293&appType=11&appVersion=2&chunkingType=improved&segmentType=ts&content=audiovideo&sgn=a3edd5e591bfb5d88786bae8439ecedc736c8704&cdnHost=uhsakamai-a.akamaihd.net/",
    "manifest_url": "https://a92ccb29-lp-omega.ums.services.video.ibm.com/playlist/auditorium/recorded/134516112/playlist.m3u8?token=2686032_1759787563293&appType=11&appVersion=2&ts=1759787563&chunkingType=improved&geo=US&sgn=b75f554d942a8e8700e3619660b298fa50d84a06&preferredBitrate=0&cdnHost=uhsakamai-a.akamaihd.net/",
    "tbr": 271.36,
    "ext": "mp4",
    "fps": null,
    "protocol": "m3u8_native",
    "preference": null,
    "quality": null,
    "has_drm": false,
    "width": 864,
    "height": 486,
    "vcodec": "avc1.77.31",
    "acodec": "none",
    "dynamic_range": "SDR",
    "video_ext": "mp4",
    "audio_ext": "none",
    "abr": 0,
    "vbr": 271.36,
    "resolution": "864x486",
    "aspect_ratio": 1.78,
    "http_headers": {
      "User-Agent": "Mozilla/5.0 (Macintosh; Intel Mac OS X 10_15_7) AppleWebKit/537.36 (KHTML, like Gecko) Chrome/129.0.0.0 Safari/537.36",
      "Accept": "*/*",
      "Accept-Language": "en-US,en;q=0.5",
      "Sec-Fetch-Mode": "navigate",
      "Referer": "https://video.ibm.com/"
    },
    "format": "hls-271 - 864x486"
  },
  {
    "format_id": "hls-406",
    "format_index": null,
    "url": "https://a92ccb29-lp-omega.ums.services.video.ibm.com/playlist/auditorium/recorded/134516112/3/playlist.m3u8?token=2686032_1759787563293&appType=11&appVersion=2&chunkingType=improved&segmentType=ts&content=audiovideo&sgn=68dab07fe7daaa2f80e3900622a459acde98959f&cdnHost=uhsakamai-a.akamaihd.net/",
    "manifest_url": "https://a92ccb29-lp-omega.ums.services.video.ibm.com/playlist/auditorium/recorded/134516112/playlist.m3u8?token=2686032_1759787563293&appType=11&appVersion=2&ts=1759787563&chunkingType=improved&geo=US&sgn=b75f554d942a8e8700e3619660b298fa50d84a06&preferredBitrate=0&cdnHost=uhsakamai-a.akamaihd.net/",
    "tbr": 406.528,
    "ext": "mp4",
    "fps": null,
    "protocol": "m3u8_native",
    "preference": null,
    "quality": null,
    "has_drm": false,
    "width": 1280,
    "height": 720,
    "vbr": 406.528,
    "abr": 0,
    "vcodec": "avc1.100.31",
    "acodec": "none",
    "dynamic_range": "SDR",
    "video_ext": "mp4",
    "audio_ext": "none",
    "resolution": "1280x720",
    "aspect_ratio": 1.78,
    "http_headers": {
      "User-Agent": "Mozilla/5.0 (Macintosh; Intel Mac OS X 10_15_7) AppleWebKit/537.36 (KHTML, like Gecko) Chrome/129.0.0.0 Safari/537.36",
      "Accept": "*/*",
      "Accept-Language": "en-US,en;q=0.5",
      "Sec-Fetch-Mode": "navigate",
      "Referer": "https://video.ibm.com/"
    },
    "format": "hls-406 - 1280x720"
  },
  {
    "format_id": "hls-2625",
    "format_index": null,
    "url": "https://a92ccb29-lp-omega.ums.services.video.ibm.com/playlist/auditorium/recorded/134516112/1/playlist.m3u8?token=2686032_1759787563293&appType=11&appVersion=2&chunkingType=improved&segmentType=ts&content=audiovideo&sgn=b47420177fe785d5b7f7a9fa5cc0210121a011d6&cdnHost=uhsakamai-a.akamaihd.net/",
    "manifest_url": "https://a92ccb29-lp-omega.ums.services.video.ibm.com/playlist/auditorium/recorded/134516112/playlist.m3u8?token=2686032_1759787563293&appType=11&appVersion=2&ts=1759787563&chunkingType=improved&geo=US&sgn=b75f554d942a8e8700e3619660b298fa50d84a06&preferredBitrate=0&cdnHost=uhsakamai-a.akamaihd.net/",
    "tbr": 2625.536,
    "ext": "mp4",
    "fps": null,
    "protocol": "m3u8_native",
    "preference": null,
    "quality": null,
    "has_drm": false,
    "width": 1920,
    "height": 1080,
    "vcodec": "avc1.100.40",
    "acodec": "none",
    "dynamic_range": "SDR",
    "video_ext": "mp4",
    "audio_ext": "none",
    "abr": 0,
    "vbr": 2625.536,
    "resolution": "1920x1080",
    "aspect_ratio": 1.78,
    "http_headers": {
      "User-Agent": "Mozilla/5.0 (Macintosh; Intel Mac OS X 10_15_7) AppleWebKit/537.36 (KHTML, like Gecko) Chrome/129.0.0.0 Safari/537.36",
      "Accept": "*/*",
      "Accept-Language": "en-US,en;q=0.5",
      "Sec-Fetch-Mode": "navigate",
      "Referer": "https://video.ibm.com/"
    },
    "format": "hls-2625 - 1920x1080"
  }
]
2025-10-06 17:52:43,941 - INFO - Maximum available resolution: 1080p
2025-10-06 17:52:43,941 - INFO - Available extensions: mp4
2025-10-06 17:52:43,941 - INFO -   Format 1: hls-audiogroup-English__US_-0 - mp4
2025-10-06 17:52:43,941 - INFO -   Format 2: hls-audiogroup-English__US_-1 - mp4
2025-10-06 17:52:43,941 - INFO -   Format 3: hls-114 - mp4 - 252p
2025-10-06 17:52:43,941 - INFO -   Format 4: hls-186 - mp4 - 360p
2025-10-06 17:52:43,941 - INFO -   Format 5: hls-271 - mp4 - 486p
2025-10-06 17:52:43,942 - INFO - ‚ÑπÔ∏è  INFO: Starting download process for: https://video.ibm.com/recorded/134516112
2025-10-06 17:52:43,942 - INFO - ‚ÑπÔ∏è  INFO: Running pre-download diagnostics
2025-10-06 17:52:43,942 - INFO - ‚ÑπÔ∏è  INFO: Starting comprehensive diagnostic tests
2025-10-06 17:52:43,942 - INFO - ‚ÑπÔ∏è  INFO: Test 1: Checking URL accessibility
2025-10-06 17:52:43,942 - DEBUG - üîç DEBUG: Diagnostic basic opts: {
  "http_headers": {
    "User-Agent": "Mozilla/5.0 (Macintosh; Intel Mac OS X 10_15_7) AppleWebKit/537.36 (KHTML, like Gecko) Chrome/129.0.0.0 Safari/537.36",
    "Referer": "https://video.ibm.com/",
    "Accept": "*/*",
    "Accept-Language": "en-US,en;q=0.5"
  },
  "retries": 3,
  "extractor_retries": 10,
  "fragment_retries": 5,
  "quiet": true,
  "no_warnings": true
}
2025-10-06 17:52:47,935 - DEBUG - üîç DEBUG: Extracted info keys: ['id', 'title', 'description', 'thumbnails', 'timestamp', 'duration', 'view_count', 'uploader', 'uploader_id', 'formats', 'webpage_url', 'original_url', 'webpage_url_basename', 'webpage_url_domain', 'extractor', 'extractor_key', 'playlist', 'playlist_index', 'thumbnail', 'display_id', 'fulltitle', 'duration_string', 'upload_date', 'release_year', 'requested_subtitles', '_has_drm', 'epoch', 'requested_formats', 'format', 'format_id', 'ext', 'protocol', 'language', 'format_note', 'filesize_approx', 'tbr', 'width', 'height', 'resolution', 'fps', 'dynamic_range', 'vcodec', 'vbr', 'stretched_ratio', 'aspect_ratio', 'acodec', 'abr', 'asr', 'audio_channels']
2025-10-06 17:52:47,935 - INFO - ‚ÑπÔ∏è  INFO: ‚úÖ URL is accessible
2025-10-06 17:52:47,937 - INFO - ‚ÑπÔ∏è  INFO: Test 2: Testing metadata extraction
2025-10-06 17:52:47,937 - INFO - ‚ÑπÔ∏è  INFO: ‚úÖ Metadata extracted: Symposium Plenary One
2025-10-06 17:52:47,937 - INFO - ‚ÑπÔ∏è  INFO: Test 3: Analyzing available formats
2025-10-06 17:52:47,937 - DEBUG - üîç DEBUG: Raw formats from info: [
  {
    "format_id": "hls-audiogroup-English__US_-0",
    "format_note": "English (US)",
    "format_index": null,
    "url": "https://a93e5455-lp-omega.ums.services.video.ibm.com/playlist/auditorium/recorded/134516112/8/playlist.m3u8?token=2683557_1759787567476&appType=11&appVersion=2&chunkingType=improved&segmentType=ts&content=audiovideo&sgn=939b749bfc8df4a29ef6f3106e838969d47e2494&cdnHost=uhsakamai-a.akamaihd.net/",
    "manifest_url": "https://a93e5455-lp-omega.ums.services.video.ibm.com/playlist/auditorium/recorded/134516112/playlist.m3u8?token=2683557_1759787567476&appType=11&appVersion=2&ts=1759787567&chunkingType=improved&geo=US&sgn=1ff6e81b811f6a0c96c3e9cfa7a84b0b1afad262&preferredBitrate=0&cdnHost=uhsakamai-a.akamaihd.net/",
    "language": "en-US",
    "ext": "mp4",
    "protocol": "m3u8_native",
    "preference": null,
    "quality": null,
    "has_drm": false,
    "vcodec": "none",
    "source_preference": null,
    "audio_ext": "mp4",
    "video_ext": "none",
    "vbr": 0,
    "abr": null,
    "tbr": null,
    "resolution": "audio only",
    "aspect_ratio": null,
    "http_headers": {
      "User-Agent": "Mozilla/5.0 (Macintosh; Intel Mac OS X 10_15_7) AppleWebKit/537.36 (KHTML, like Gecko) Chrome/129.0.0.0 Safari/537.36",
      "Accept": "*/*",
      "Accept-Language": "en-US,en;q=0.5",
      "Sec-Fetch-Mode": "navigate",
      "Referer": "https://video.ibm.com/"
    },
    "format": "hls-audiogroup-English__US_-0 - audio only (English (US))"
  },
  {
    "format_id": "hls-audiogroup-English__US_-1",
    "format_note": "English (US)",
    "format_index": null,
    "url": "https://a93e5455-lp-omega.ums.services.video.ibm.com/playlist/auditorium/recorded/134516112/2/playlist.m3u8?token=2683557_1759787567476&appType=11&appVersion=2&chunkingType=improved&segmentType=ts&content=audiovideo&sgn=3ab4f6f0213ec7b3281113c25333b95486018829&cdnHost=uhsakamai-a.akamaihd.net/",
    "manifest_url": "https://a93e5455-lp-omega.ums.services.video.ibm.com/playlist/auditorium/recorded/134516112/playlist.m3u8?token=2683557_1759787567476&appType=11&appVersion=2&ts=1759787567&chunkingType=improved&geo=US&sgn=1ff6e81b811f6a0c96c3e9cfa7a84b0b1afad262&preferredBitrate=0&cdnHost=uhsakamai-a.akamaihd.net/",
    "language": "en-US",
    "ext": "mp4",
    "protocol": "m3u8_native",
    "preference": null,
    "quality": null,
    "has_drm": false,
    "vcodec": "none",
    "source_preference": null,
    "audio_ext": "mp4",
    "video_ext": "none",
    "vbr": 0,
    "abr": null,
    "tbr": null,
    "resolution": "audio only",
    "aspect_ratio": null,
    "http_headers": {
      "User-Agent": "Mozilla/5.0 (Macintosh; Intel Mac OS X 10_15_7) AppleWebKit/537.36 (KHTML, like Gecko) Chrome/129.0.0.0 Safari/537.36",
      "Accept": "*/*",
      "Accept-Language": "en-US,en;q=0.5",
      "Sec-Fetch-Mode": "navigate",
      "Referer": "https://video.ibm.com/"
    },
    "format": "hls-audiogroup-English__US_-1 - audio only (English (US))"
  },
  {
    "format_id": "hls-114",
    "format_index": null,
    "url": "https://a93e5455-lp-omega.ums.services.video.ibm.com/playlist/auditorium/recorded/134516112/6/playlist.m3u8?token=2683557_1759787567476&appType=11&appVersion=2&chunkingType=improved&segmentType=ts&content=audiovideo&sgn=9731648b98170f55cecc9c866fbd13e42d171728&cdnHost=uhsakamai-a.akamaihd.net/",
    "manifest_url": "https://a93e5455-lp-omega.ums.services.video.ibm.com/playlist/auditorium/recorded/134516112/playlist.m3u8?token=2683557_1759787567476&appType=11&appVersion=2&ts=1759787567&chunkingType=improved&geo=US&sgn=1ff6e81b811f6a0c96c3e9cfa7a84b0b1afad262&preferredBitrate=0&cdnHost=uhsakamai-a.akamaihd.net/",
    "tbr": 114.688,
    "ext": "mp4",
    "fps": null,
    "protocol": "m3u8_native",
    "preference": null,
    "quality": null,
    "has_drm": false,
    "width": 448,
    "height": 252,
    "vbr": 114.688,
    "abr": 0,
    "vcodec": "avc1.77.21",
    "acodec": "none",
    "dynamic_range": "SDR",
    "video_ext": "mp4",
    "audio_ext": "none",
    "resolution": "448x252",
    "aspect_ratio": 1.78,
    "http_headers": {
      "User-Agent": "Mozilla/5.0 (Macintosh; Intel Mac OS X 10_15_7) AppleWebKit/537.36 (KHTML, like Gecko) Chrome/129.0.0.0 Safari/537.36",
      "Accept": "*/*",
      "Accept-Language": "en-US,en;q=0.5",
      "Sec-Fetch-Mode": "navigate",
      "Referer": "https://video.ibm.com/"
    },
    "format": "hls-114 - 448x252"
  },
  {
    "format_id": "hls-186",
    "format_index": null,
    "url": "https://a93e5455-lp-omega.ums.services.video.ibm.com/playlist/auditorium/recorded/134516112/7/playlist.m3u8?token=2683557_1759787567476&appType=11&appVersion=2&chunkingType=improved&segmentType=ts&content=audiovideo&sgn=fbf41fa5784f6de9f859c22f52c8677172531df8&cdnHost=uhsakamai-a.akamaihd.net/",
    "manifest_url": "https://a93e5455-lp-omega.ums.services.video.ibm.com/playlist/auditorium/recorded/134516112/playlist.m3u8?token=2683557_1759787567476&appType=11&appVersion=2&ts=1759787567&chunkingType=improved&geo=US&sgn=1ff6e81b811f6a0c96c3e9cfa7a84b0b1afad262&preferredBitrate=0&cdnHost=uhsakamai-a.akamaihd.net/",
    "tbr": 186.368,
    "ext": "mp4",
    "fps": null,
    "protocol": "m3u8_native",
    "preference": null,
    "quality": null,
    "has_drm": false,
    "width": 640,
    "height": 360,
    "vcodec": "avc1.77.30",
    "acodec": "none",
    "dynamic_range": "SDR",
    "video_ext": "mp4",
    "audio_ext": "none",
    "abr": 0,
    "vbr": 186.368,
    "resolution": "640x360",
    "aspect_ratio": 1.78,
    "http_headers": {
      "User-Agent": "Mozilla/5.0 (Macintosh; Intel Mac OS X 10_15_7) AppleWebKit/537.36 (KHTML, like Gecko) Chrome/129.0.0.0 Safari/537.36",
      "Accept": "*/*",
      "Accept-Language": "en-US,en;q=0.5",
      "Sec-Fetch-Mode": "navigate",
      "Referer": "https://video.ibm.com/"
    },
    "format": "hls-186 - 640x360"
  },
  {
    "format_id": "hls-271",
    "format_index": null,
    "url": "https://a93e5455-lp-omega.ums.services.video.ibm.com/playlist/auditorium/recorded/134516112/5/playlist.m3u8?token=2683557_1759787567476&appType=11&appVersion=2&chunkingType=improved&segmentType=ts&content=audiovideo&sgn=6ee755073311e633372ef801289a973a849638c7&cdnHost=uhsakamai-a.akamaihd.net/",
    "manifest_url": "https://a93e5455-lp-omega.ums.services.video.ibm.com/playlist/auditorium/recorded/134516112/playlist.m3u8?token=2683557_1759787567476&appType=11&appVersion=2&ts=1759787567&chunkingType=improved&geo=US&sgn=1ff6e81b811f6a0c96c3e9cfa7a84b0b1afad262&preferredBitrate=0&cdnHost=uhsakamai-a.akamaihd.net/",
    "tbr": 271.36,
    "ext": "mp4",
    "fps": null,
    "protocol": "m3u8_native",
    "preference": null,
    "quality": null,
    "has_drm": false,
    "width": 864,
    "height": 486,
    "vbr": 271.36,
    "abr": 0,
    "vcodec": "avc1.77.31",
    "acodec": "none",
    "dynamic_range": "SDR",
    "video_ext": "mp4",
    "audio_ext": "none",
    "resolution": "864x486",
    "aspect_ratio": 1.78,
    "http_headers": {
      "User-Agent": "Mozilla/5.0 (Macintosh; Intel Mac OS X 10_15_7) AppleWebKit/537.36 (KHTML, like Gecko) Chrome/129.0.0.0 Safari/537.36",
      "Accept": "*/*",
      "Accept-Language": "en-US,en;q=0.5",
      "Sec-Fetch-Mode": "navigate",
      "Referer": "https://video.ibm.com/"
    },
    "format": "hls-271 - 864x486"
  },
  {
    "format_id": "hls-406",
    "format_index": null,
    "url": "https://a93e5455-lp-omega.ums.services.video.ibm.com/playlist/auditorium/recorded/134516112/3/playlist.m3u8?token=2683557_1759787567476&appType=11&appVersion=2&chunkingType=improved&segmentType=ts&content=audiovideo&sgn=72ab967516e418dc1baac5d781b2927823e5f43a&cdnHost=uhsakamai-a.akamaihd.net/",
    "manifest_url": "https://a93e5455-lp-omega.ums.services.video.ibm.com/playlist/auditorium/recorded/134516112/playlist.m3u8?token=2683557_1759787567476&appType=11&appVersion=2&ts=1759787567&chunkingType=improved&geo=US&sgn=1ff6e81b811f6a0c96c3e9cfa7a84b0b1afad262&preferredBitrate=0&cdnHost=uhsakamai-a.akamaihd.net/",
    "tbr": 406.528,
    "ext": "mp4",
    "fps": null,
    "protocol": "m3u8_native",
    "preference": null,
    "quality": null,
    "has_drm": false,
    "width": 1280,
    "height": 720,
    "vbr": 406.528,
    "abr": 0,
    "vcodec": "avc1.100.31",
    "acodec": "none",
    "dynamic_range": "SDR",
    "video_ext": "mp4",
    "audio_ext": "none",
    "resolution": "1280x720",
    "aspect_ratio": 1.78,
    "http_headers": {
      "User-Agent": "Mozilla/5.0 (Macintosh; Intel Mac OS X 10_15_7) AppleWebKit/537.36 (KHTML, like Gecko) Chrome/129.0.0.0 Safari/537.36",
      "Accept": "*/*",
      "Accept-Language": "en-US,en;q=0.5",
      "Sec-Fetch-Mode": "navigate",
      "Referer": "https://video.ibm.com/"
    },
    "format": "hls-406 - 1280x720"
  },
  {
    "format_id": "hls-2625",
    "format_index": null,
    "url": "https://a93e5455-lp-omega.ums.services.video.ibm.com/playlist/auditorium/recorded/134516112/1/playlist.m3u8?token=2683557_1759787567476&appType=11&appVersion=2&chunkingType=improved&segmentType=ts&content=audiovideo&sgn=d6dc0dfab53dc5597fb1a9bf38fd2bd5a2a449fc&cdnHost=uhsakamai-a.akamaihd.net/",
    "manifest_url": "https://a93e5455-lp-omega.ums.services.video.ibm.com/playlist/auditorium/recorded/134516112/playlist.m3u8?token=2683557_1759787567476&appType=11&appVersion=2&ts=1759787567&chunkingType=improved&geo=US&sgn=1ff6e81b811f6a0c96c3e9cfa7a84b0b1afad262&preferredBitrate=0&cdnHost=uhsakamai-a.akamaihd.net/",
    "tbr": 2625.536,
    "ext": "mp4",
    "fps": null,
    "protocol": "m3u8_native",
    "preference": null,
    "quality": null,
    "has_drm": false,
    "width": 1920,
    "height": 1080,
    "vcodec": "avc1.100.40",
    "acodec": "none",
    "dynamic_range": "SDR",
    "video_ext": "mp4",
    "audio_ext": "none",
    "abr": 0,
    "vbr": 2625.536,
    "resolution": "1920x1080",
    "aspect_ratio": 1.78,
    "http_headers": {
      "User-Agent": "Mozilla/5.0 (Macintosh; Intel Mac OS X 10_15_7) AppleWebKit/537.36 (KHTML, like Gecko) Chrome/129.0.0.0 Safari/537.36",
      "Accept": "*/*",
      "Accept-Language": "en-US,en;q=0.5",
      "Sec-Fetch-Mode": "navigate",
      "Referer": "https://video.ibm.com/"
    },
    "format": "hls-2625 - 1920x1080"
  }
]
2025-10-06 17:52:47,938 - INFO - ‚ÑπÔ∏è  INFO: ‚úÖ Found 7 formats
2025-10-06 17:52:47,938 - INFO - ‚ÑπÔ∏è  INFO: üéØ HLS detected: 7 HLS formats found
2025-10-06 17:52:47,938 - INFO - ‚ÑπÔ∏è  INFO:    - Video-only streams: 5
2025-10-06 17:52:47,938 - INFO - ‚ÑπÔ∏è  INFO:    - Audio-only streams: 2
2025-10-06 17:52:47,938 - INFO - ‚ÑπÔ∏è  INFO:    - Combined streams: 0
2025-10-06 17:52:47,938 - INFO - ‚ÑπÔ∏è  INFO: üéØ Recommended video+audio combination: hls-2625+hls-audiogroup-English__US_-0
2025-10-06 17:52:47,938 - INFO - ‚ÑπÔ∏è  INFO:    - Video: hls-2625 (1080p)
2025-10-06 17:52:47,938 - INFO - ‚ÑπÔ∏è  INFO:    - Audio: hls-audiogroup-English__US_-0
2025-10-06 17:52:47,938 - DEBUG - üîç DEBUG: üìã Detailed format analysis:
2025-10-06 17:52:47,938 - DEBUG - üîç DEBUG:   Format 1: {'id': 'hls-audiogroup-English__US_-0', 'ext': 'mp4', 'height': None, 'vcodec': 'none', 'acodec': 'unknown', 'filesize': None, 'is_hls': True}
2025-10-06 17:52:47,939 - DEBUG - üîç DEBUG:   Format 2: {'id': 'hls-audiogroup-English__US_-1', 'ext': 'mp4', 'height': None, 'vcodec': 'none', 'acodec': 'unknown', 'filesize': None, 'is_hls': True}
2025-10-06 17:52:47,939 - DEBUG - üîç DEBUG:   Format 3: {'id': 'hls-114', 'ext': 'mp4', 'height': 252, 'vcodec': 'avc1.77.21', 'acodec': 'none', 'filesize': None, 'is_hls': True}
2025-10-06 17:52:47,939 - DEBUG - üîç DEBUG:   Format 4: {'id': 'hls-186', 'ext': 'mp4', 'height': 360, 'vcodec': 'avc1.77.30', 'acodec': 'none', 'filesize': None, 'is_hls': True}
2025-10-06 17:52:47,939 - DEBUG - üîç DEBUG:   Format 5: {'id': 'hls-271', 'ext': 'mp4', 'height': 486, 'vcodec': 'avc1.77.31', 'acodec': 'none', 'filesize': None, 'is_hls': True}
2025-10-06 17:52:47,939 - DEBUG - üîç DEBUG:   Format 6: {'id': 'hls-406', 'ext': 'mp4', 'height': 720, 'vcodec': 'avc1.100.31', 'acodec': 'none', 'filesize': None, 'is_hls': True}
2025-10-06 17:52:47,939 - DEBUG - üîç DEBUG:   Format 7: {'id': 'hls-2625', 'ext': 'mp4', 'height': 1080, 'vcodec': 'avc1.100.40', 'acodec': 'none', 'filesize': None, 'is_hls': True}
2025-10-06 17:52:47,939 - INFO - ‚ÑπÔ∏è  INFO: Test 4: Testing format selectors
2025-10-06 17:52:47,939 - DEBUG - üîç DEBUG: Testing selector opts: {
  "http_headers": {
    "User-Agent": "Mozilla/5.0 (Macintosh; Intel Mac OS X 10_15_7) AppleWebKit/537.36 (KHTML, like Gecko) Chrome/129.0.0.0 Safari/537.36",
    "Referer": "https://video.ibm.com/",
    "Accept": "*/*",
    "Accept-Language": "en-US,en;q=0.5"
  },
  "retries": 3,
  "extractor_retries": 10,
  "fragment_retries": 5,
  "format": "hls-2625+hls-audiogroup-English__US_-0",
  "quiet": true,
  "no_warnings": true,
  "simulate": true
}
2025-10-06 17:52:50,123 - WARNING - ‚ö†Ô∏è  WARNING: ‚ùå Format selector 'hls-2625+hls-audiogroup-English__US_-0' failed: [0;31mERROR:[0m [ustream] 134516112: No video formats found!; please report this issue on  https://github.com/yt-dlp/yt-dlp/issues?q= , filling out the appropriate issue template. Confirm you are on the latest version using  yt-dlp -U
2025-10-06 17:52:50,129 - ERROR - Traceback (most recent call last):
  File "/Users/jonc/code/utility_yt-dlt_2025/.venv/lib/python3.12/site-packages/yt_dlp/YoutubeDL.py", line 1645, in wrapper
    return func(self, *args, **kwargs)
           ^^^^^^^^^^^^^^^^^^^^^^^^^^^
  File "/Users/jonc/code/utility_yt-dlt_2025/.venv/lib/python3.12/site-packages/yt_dlp/YoutubeDL.py", line 1801, in __extract_info
    return self.process_ie_result(ie_result, download, extra_info)
           ^^^^^^^^^^^^^^^^^^^^^^^^^^^^^^^^^^^^^^^^^^^^^^^^^^^^^^^
  File "/Users/jonc/code/utility_yt-dlt_2025/.venv/lib/python3.12/site-packages/yt_dlp/YoutubeDL.py", line 1860, in process_ie_result
    ie_result = self.process_video_result(ie_result, download=download)
                ^^^^^^^^^^^^^^^^^^^^^^^^^^^^^^^^^^^^^^^^^^^^^^^^^^^^^^^
  File "/Users/jonc/code/utility_yt-dlt_2025/.venv/lib/python3.12/site-packages/yt_dlp/YoutubeDL.py", line 2873, in process_video_result
    self.raise_no_formats(info_dict)
  File "/Users/jonc/code/utility_yt-dlt_2025/.venv/lib/python3.12/site-packages/yt_dlp/YoutubeDL.py", line 1134, in raise_no_formats
    raise ExtractorError(msg, video_id=info['id'], ie=info['extractor'],
yt_dlp.utils.ExtractorError: [ustream] 134516112: No video formats found!; please report this issue on  https://github.com/yt-dlp/yt-dlp/issues?q= , filling out the appropriate issue template. Confirm you are on the latest version using  yt-dlp -U

During handling of the above exception, another exception occurred:

Traceback (most recent call last):
  File "/Users/jonc/code/utility_yt-dlt_2025/get_ibm_yt-dlt_grok4_20251006.py", line 304, in run_diagnostic_tests
    test_info = test_ydl.extract_info(url, download=False)
                ^^^^^^^^^^^^^^^^^^^^^^^^^^^^^^^^^^^^^^^^^^
  File "/Users/jonc/code/utility_yt-dlt_2025/.venv/lib/python3.12/site-packages/yt_dlp/YoutubeDL.py", line 1634, in extract_info
    return self.__extract_info(url, self.get_info_extractor(key), download, extra_info, process)
           ^^^^^^^^^^^^^^^^^^^^^^^^^^^^^^^^^^^^^^^^^^^^^^^^^^^^^^^^^^^^^^^^^^^^^^^^^^^^^^^^^^^^^
  File "/Users/jonc/code/utility_yt-dlt_2025/.venv/lib/python3.12/site-packages/yt_dlp/YoutubeDL.py", line 1663, in wrapper
    self.report_error(str(e), e.format_traceback())
  File "/Users/jonc/code/utility_yt-dlt_2025/.venv/lib/python3.12/site-packages/yt_dlp/YoutubeDL.py", line 1103, in report_error
    self.trouble(f'{self._format_err("ERROR:", self.Styles.ERROR)} {message}', *args, **kwargs)
  File "/Users/jonc/code/utility_yt-dlt_2025/.venv/lib/python3.12/site-packages/yt_dlp/YoutubeDL.py", line 1042, in trouble
    raise DownloadError(message, exc_info)
yt_dlp.utils.DownloadError: [0;31mERROR:[0m [ustream] 134516112: No video formats found!; please report this issue on  https://github.com/yt-dlp/yt-dlp/issues?q= , filling out the appropriate issue template. Confirm you are on the latest version using  yt-dlp -U

2025-10-06 17:52:50,129 - DEBUG - üîç DEBUG: Testing selector opts: {
  "http_headers": {
    "User-Agent": "Mozilla/5.0 (Macintosh; Intel Mac OS X 10_15_7) AppleWebKit/537.36 (KHTML, like Gecko) Chrome/129.0.0.0 Safari/537.36",
    "Referer": "https://video.ibm.com/",
    "Accept": "*/*",
    "Accept-Language": "en-US,en;q=0.5"
  },
  "retries": 3,
  "extractor_retries": 10,
  "fragment_retries": 5,
  "format": "best",
  "quiet": true,
  "no_warnings": true,
  "simulate": true
}
2025-10-06 17:52:51,782 - WARNING - ‚ö†Ô∏è  WARNING: ‚ùå Format selector 'best' failed: [0;31mERROR:[0m [ustream] 134516112: Requested format is not available. Use --list-formats for a list of available formats
2025-10-06 17:52:51,784 - ERROR - Traceback (most recent call last):
  File "/Users/jonc/code/utility_yt-dlt_2025/.venv/lib/python3.12/site-packages/yt_dlp/YoutubeDL.py", line 1645, in wrapper
    return func(self, *args, **kwargs)
           ^^^^^^^^^^^^^^^^^^^^^^^^^^^
  File "/Users/jonc/code/utility_yt-dlt_2025/.venv/lib/python3.12/site-packages/yt_dlp/YoutubeDL.py", line 1801, in __extract_info
    return self.process_ie_result(ie_result, download, extra_info)
           ^^^^^^^^^^^^^^^^^^^^^^^^^^^^^^^^^^^^^^^^^^^^^^^^^^^^^^^
  File "/Users/jonc/code/utility_yt-dlt_2025/.venv/lib/python3.12/site-packages/yt_dlp/YoutubeDL.py", line 1860, in process_ie_result
    ie_result = self.process_video_result(ie_result, download=download)
                ^^^^^^^^^^^^^^^^^^^^^^^^^^^^^^^^^^^^^^^^^^^^^^^^^^^^^^^
  File "/Users/jonc/code/utility_yt-dlt_2025/.venv/lib/python3.12/site-packages/yt_dlp/YoutubeDL.py", line 3000, in process_video_result
    raise ExtractorError(
yt_dlp.utils.ExtractorError: [ustream] 134516112: Requested format is not available. Use --list-formats for a list of available formats

During handling of the above exception, another exception occurred:

Traceback (most recent call last):
  File "/Users/jonc/code/utility_yt-dlt_2025/get_ibm_yt-dlt_grok4_20251006.py", line 304, in run_diagnostic_tests
    test_info = test_ydl.extract_info(url, download=False)
                ^^^^^^^^^^^^^^^^^^^^^^^^^^^^^^^^^^^^^^^^^^
  File "/Users/jonc/code/utility_yt-dlt_2025/.venv/lib/python3.12/site-packages/yt_dlp/YoutubeDL.py", line 1634, in extract_info
    return self.__extract_info(url, self.get_info_extractor(key), download, extra_info, process)
           ^^^^^^^^^^^^^^^^^^^^^^^^^^^^^^^^^^^^^^^^^^^^^^^^^^^^^^^^^^^^^^^^^^^^^^^^^^^^^^^^^^^^^
  File "/Users/jonc/code/utility_yt-dlt_2025/.venv/lib/python3.12/site-packages/yt_dlp/YoutubeDL.py", line 1663, in wrapper
    self.report_error(str(e), e.format_traceback())
  File "/Users/jonc/code/utility_yt-dlt_2025/.venv/lib/python3.12/site-packages/yt_dlp/YoutubeDL.py", line 1103, in report_error
    self.trouble(f'{self._format_err("ERROR:", self.Styles.ERROR)} {message}', *args, **kwargs)
  File "/Users/jonc/code/utility_yt-dlt_2025/.venv/lib/python3.12/site-packages/yt_dlp/YoutubeDL.py", line 1042, in trouble
    raise DownloadError(message, exc_info)
yt_dlp.utils.DownloadError: [0;31mERROR:[0m [ustream] 134516112: Requested format is not available. Use --list-formats for a list of available formats

2025-10-06 17:52:51,784 - DEBUG - üîç DEBUG: Testing selector opts: {
  "http_headers": {
    "User-Agent": "Mozilla/5.0 (Macintosh; Intel Mac OS X 10_15_7) AppleWebKit/537.36 (KHTML, like Gecko) Chrome/129.0.0.0 Safari/537.36",
    "Referer": "https://video.ibm.com/",
    "Accept": "*/*",
    "Accept-Language": "en-US,en;q=0.5"
  },
  "retries": 3,
  "extractor_retries": 10,
  "fragment_retries": 5,
  "format": "worst",
  "quiet": true,
  "no_warnings": true,
  "simulate": true
}
2025-10-06 17:52:52,809 - WARNING - ‚ö†Ô∏è  WARNING: ‚ùå Format selector 'worst' failed: [0;31mERROR:[0m [ustream] 134516112: Requested format is not available. Use --list-formats for a list of available formats
2025-10-06 17:52:52,811 - ERROR - Traceback (most recent call last):
  File "/Users/jonc/code/utility_yt-dlt_2025/.venv/lib/python3.12/site-packages/yt_dlp/YoutubeDL.py", line 1645, in wrapper
    return func(self, *args, **kwargs)
           ^^^^^^^^^^^^^^^^^^^^^^^^^^^
  File "/Users/jonc/code/utility_yt-dlt_2025/.venv/lib/python3.12/site-packages/yt_dlp/YoutubeDL.py", line 1801, in __extract_info
    return self.process_ie_result(ie_result, download, extra_info)
           ^^^^^^^^^^^^^^^^^^^^^^^^^^^^^^^^^^^^^^^^^^^^^^^^^^^^^^^
  File "/Users/jonc/code/utility_yt-dlt_2025/.venv/lib/python3.12/site-packages/yt_dlp/YoutubeDL.py", line 1860, in process_ie_result
    ie_result = self.process_video_result(ie_result, download=download)
                ^^^^^^^^^^^^^^^^^^^^^^^^^^^^^^^^^^^^^^^^^^^^^^^^^^^^^^^
  File "/Users/jonc/code/utility_yt-dlt_2025/.venv/lib/python3.12/site-packages/yt_dlp/YoutubeDL.py", line 3000, in process_video_result
    raise ExtractorError(
yt_dlp.utils.ExtractorError: [ustream] 134516112: Requested format is not available. Use --list-formats for a list of available formats

During handling of the above exception, another exception occurred:

Traceback (most recent call last):
  File "/Users/jonc/code/utility_yt-dlt_2025/get_ibm_yt-dlt_grok4_20251006.py", line 304, in run_diagnostic_tests
    test_info = test_ydl.extract_info(url, download=False)
                ^^^^^^^^^^^^^^^^^^^^^^^^^^^^^^^^^^^^^^^^^^
  File "/Users/jonc/code/utility_yt-dlt_2025/.venv/lib/python3.12/site-packages/yt_dlp/YoutubeDL.py", line 1634, in extract_info
    return self.__extract_info(url, self.get_info_extractor(key), download, extra_info, process)
           ^^^^^^^^^^^^^^^^^^^^^^^^^^^^^^^^^^^^^^^^^^^^^^^^^^^^^^^^^^^^^^^^^^^^^^^^^^^^^^^^^^^^^
  File "/Users/jonc/code/utility_yt-dlt_2025/.venv/lib/python3.12/site-packages/yt_dlp/YoutubeDL.py", line 1663, in wrapper
    self.report_error(str(e), e.format_traceback())
  File "/Users/jonc/code/utility_yt-dlt_2025/.venv/lib/python3.12/site-packages/yt_dlp/YoutubeDL.py", line 1103, in report_error
    self.trouble(f'{self._format_err("ERROR:", self.Styles.ERROR)} {message}', *args, **kwargs)
  File "/Users/jonc/code/utility_yt-dlt_2025/.venv/lib/python3.12/site-packages/yt_dlp/YoutubeDL.py", line 1042, in trouble
    raise DownloadError(message, exc_info)
yt_dlp.utils.DownloadError: [0;31mERROR:[0m [ustream] 134516112: Requested format is not available. Use --list-formats for a list of available formats

2025-10-06 17:52:52,811 - INFO - ‚ÑπÔ∏è  INFO: Using diagnostics-recommended format: hls-2625+hls-audiogroup-English__US_-0
2025-10-06 17:52:52,811 - DEBUG - üîç DEBUG: Format options to try: ['hls-2625+hls-audiogroup-English__US_-0', 'hls-2625+hls-audiogroup-English__US_-1', 'hls-406+hls-audiogroup-English__US_-0', 'hls-406+hls-audiogroup-English__US_-1', 'hls-271+hls-audiogroup-English__US_-0']...
